# JRE version: OpenJDK Runtime Environment (10.0.2+13) (build 10.0.2+13-Debian-1)
# Java VM: OpenJDK 64-Bit Server VM (10.0.2+13-Debian-1, mixed mode, tiered, compressed oops, g1 gc, linux-amd64)
Heap:
 garbage-first heap   total 124928K, used 13528K [0x00000000c3200000, 0x0000000100000000)
  region size 1024K, 1 young (1024K), 1 survivors (1024K)
 Metaspace       used 26329K, capacity 26681K, committed 28032K, reserved 1075200K
  class space    used 2630K, capacity 2796K, committed 3200K, reserved 1048576K
GC Heap History (10 events):
Event: 1452.734 GC heap after
{Heap after GC invocations=497 (full 7):
 garbage-first heap   total 51200K, used 13532K [0x00000000c3200000, 0x0000000100000000)
  region size 1024K, 1 young (1024K), 1 survivors (1024K)
 Metaspace       used 26329K, capacity 26681K, committed 28032K, reserved 1075200K
  class space    used 2630K, capacity 2796K, committed 3200K, reserved 1048576K
}
Event: 1454.256 GC heap before
{Heap before GC invocations=497 (full 7):
 garbage-first heap   total 51200K, used 41180K [0x00000000c3200000, 0x0000000100000000)
  region size 1024K, 28 young (28672K), 1 survivors (1024K)
 Metaspace       used 26329K, capacity 26681K, committed 28032K, reserved 1075200K
  class space    used 2630K, capacity 2796K, committed 3200K, reserved 1048576K
}
Event: 1454.282 GC heap after
{Heap after GC invocations=498 (full 7):
 garbage-first heap   total 61440K, used 13532K [0x00000000c3200000, 0x0000000100000000)
  region size 1024K, 1 young (1024K), 1 survivors (1024K)
 Metaspace       used 26329K, capacity 26681K, committed 28032K, reserved 1075200K
  class space    used 2630K, capacity 2796K, committed 3200K, reserved 1048576K
}
Event: 1457.170 GC heap before
{Heap before GC invocations=498 (full 7):
 garbage-first heap   total 61440K, used 49372K [0x00000000c3200000, 0x0000000100000000)
  region size 1024K, 36 young (36864K), 1 survivors (1024K)
 Metaspace       used 26329K, capacity 26681K, committed 28032K, reserved 1075200K
  class space    used 2630K, capacity 2796K, committed 3200K, reserved 1048576K
}
Event: 1457.453 GC heap after
{Heap after GC invocations=499 (full 7):
 garbage-first heap   total 61440K, used 13530K [0x00000000c3200000, 0x0000000100000000)
  region size 1024K, 1 young (1024K), 1 survivors (1024K)
 Metaspace       used 26329K, capacity 26681K, committed 28032K, reserved 1075200K
  class space    used 2630K, capacity 2796K, committed 3200K, reserved 1048576K
}
Event: 1461.205 GC heap before
{Heap before GC invocations=499 (full 7):
 garbage-first heap   total 61440K, used 49370K [0x00000000c3200000, 0x0000000100000000)
  region size 1024K, 36 young (36864K), 1 survivors (1024K)
 Metaspace       used 26329K, capacity 26681K, committed 28032K, reserved 1075200K
  class space    used 2630K, capacity 2796K, committed 3200K, reserved 1048576K
}
Event: 1461.907 GC heap after
{Heap after GC invocations=500 (full 7):
 garbage-first heap   total 61440K, used 13532K [0x00000000c3200000, 0x0000000100000000)
  region size 1024K, 1 young (1024K), 1 survivors (1024K)
 Metaspace       used 26329K, capacity 26681K, committed 28032K, reserved 1075200K
  class space    used 2630K, capacity 2796K, committed 3200K, reserved 1048576K
}
Event: 1465.291 GC heap before
{Heap before GC invocations=500 (full 7):
 garbage-first heap   total 61440K, used 49372K [0x00000000c3200000, 0x0000000100000000)
  region size 1024K, 36 young (36864K), 1 survivors (1024K)
 Metaspace       used 26329K, capacity 26681K, committed 28032K, reserved 1075200K
  class space    used 2630K, capacity 2796K, committed 3200K, reserved 1048576K
}
Event: 1465.579 GC heap after
{Heap after GC invocations=501 (full 7):
 garbage-first heap   total 61440K, used 13530K [0x00000000c3200000, 0x0000000100000000)
  region size 1024K, 1 young (1024K), 1 survivors (1024K)
 Metaspace       used 26329K, capacity 26681K, committed 28032K, reserved 1075200K
  class space    used 2630K, capacity 2796K, committed 3200K, reserved 1048576K
}
Event: 1469.132 GC heap before
{Heap before GC invocations=501 (full 7):
 garbage-first heap   total 61440K, used 49370K [0x00000000c3200000, 0x0000000100000000)
  region size 1024K, 36 young (36864K), 1 survivors (1024K)
 Metaspace       used 26329K, capacity 26681K, committed 28032K, reserved 1075200K
  class space    used 2630K, capacity 2796K, committed 3200K, reserved 1048576K
}

